{"/Users/lamadarawsheh/store-project/src/database.d.ts": {"path":"/Users/lamadarawsheh/store-project/src/database.d.ts","statementMap":{},"fnMap":{},"branchMap":{},"s":{},"f":{},"b":{}}
,"/Users/lamadarawsheh/store-project/src/database.ts": {"path":"/Users/lamadarawsheh/store-project/src/database.ts","statementMap":{"0":{"start":{"line":1,"column":0},"end":{"line":1,"column":68}},"1":{"start":{"line":2,"column":0},"end":{"line":2,"column":28}},"2":{"start":{"line":4,"column":0},"end":{"line":4,"column":16}},"3":{"start":{"line":9,"column":0},"end":{"line":26,"column":1}},"4":{"start":{"line":10,"column":2},"end":{"line":16,"column":5}},"5":{"start":{"line":19,"column":2},"end":{"line":25,"column":5}},"6":{"start":{"line":29,"column":0},"end":{"line":31,"column":3}},"7":{"start":{"line":30,"column":2},"end":{"line":30,"column":99}},"8":{"start":{"line":33,"column":0},"end":{"line":35,"column":3}},"9":{"start":{"line":34,"column":2},"end":{"line":34,"column":40}},"10":{"start":{"line":38,"column":22},"end":{"line":38,"column":34}},"11":{"start":{"line":41,"column":0},"end":{"line":63,"column":2}},"12":{"start":{"line":45,"column":20},"end":{"line":47,"column":34}},"13":{"start":{"line":49,"column":2},"end":{"line":49,"column":75}},"14":{"start":{"line":51,"column":2},"end":{"line":62,"column":3}},"15":{"start":{"line":52,"column":19},"end":{"line":55,"column":null}},"16":{"start":{"line":58,"column":4},"end":{"line":58,"column":18}},"17":{"start":{"line":60,"column":4},"end":{"line":60,"column":41}},"18":{"start":{"line":61,"column":4},"end":{"line":61,"column":16}},"19":{"start":{"line":65,"column":0},"end":{"line":65,"column":22}}},"fnMap":{"0":{"name":"(anonymous_1)","decl":{"start":{"line":29,"column":21},"end":{"line":29,"column":24}},"loc":{"start":{"line":29,"column":26},"end":{"line":31,"column":1}}},"1":{"name":"(anonymous_2)","decl":{"start":{"line":33,"column":19},"end":{"line":33,"column":20}},"loc":{"start":{"line":33,"column":34},"end":{"line":35,"column":1}}},"2":{"name":"(anonymous_3)","decl":{"start":{"line":41,"column":15},"end":{"line":41,"column":20}},"loc":{"start":{"line":43,"column":12},"end":{"line":63,"column":1}}}},"branchMap":{"0":{"loc":{"start":{"line":9,"column":0},"end":{"line":26,"column":1}},"type":"if","locations":[{"start":{"line":9,"column":0},"end":{"line":26,"column":1}},{"start":{"line":17,"column":7},"end":{"line":26,"column":1}}]},"1":{"loc":{"start":{"line":15,"column":10},"end":{"line":15,"column":45}},"type":"binary-expr","locations":[{"start":{"line":15,"column":10},"end":{"line":15,"column":37}},{"start":{"line":15,"column":41},"end":{"line":15,"column":45}}]},"2":{"loc":{"start":{"line":24,"column":10},"end":{"line":24,"column":45}},"type":"binary-expr","locations":[{"start":{"line":24,"column":10},"end":{"line":24,"column":37}},{"start":{"line":24,"column":41},"end":{"line":24,"column":45}}]},"3":{"loc":{"start":{"line":30,"column":30},"end":{"line":30,"column":86}},"type":"cond-expr","locations":[{"start":{"line":30,"column":64},"end":{"line":30,"column":70}},{"start":{"line":30,"column":73},"end":{"line":30,"column":86}}]},"4":{"loc":{"start":{"line":45,"column":20},"end":{"line":47,"column":34}},"type":"cond-expr","locations":[{"start":{"line":46,"column":6},"end":{"line":46,"column":23}},{"start":{"line":47,"column":6},"end":{"line":47,"column":34}}]},"5":{"loc":{"start":{"line":47,"column":6},"end":{"line":47,"column":34}},"type":"binary-expr","locations":[{"start":{"line":47,"column":6},"end":{"line":47,"column":28}},{"start":{"line":47,"column":32},"end":{"line":47,"column":34}}]},"6":{"loc":{"start":{"line":49,"column":61},"end":{"line":49,"column":73}},"type":"binary-expr","locations":[{"start":{"line":49,"column":61},"end":{"line":49,"column":67}},{"start":{"line":49,"column":71},"end":{"line":49,"column":73}}]}},"s":{"0":2,"1":2,"2":2,"3":2,"4":2,"5":0,"6":2,"7":4,"8":2,"9":0,"10":2,"11":2,"12":1,"13":1,"14":1,"15":1,"16":1,"17":0,"18":0,"19":2},"f":{"0":4,"1":0,"2":1},"b":{"0":[2,0],"1":[2,0],"2":[0,0],"3":[4,0],"4":[1,0],"5":[0,0],"6":[1,0]}}
,"/Users/lamadarawsheh/store-project/src/middleware/auth.d.ts": {"path":"/Users/lamadarawsheh/store-project/src/middleware/auth.d.ts","statementMap":{},"fnMap":{},"branchMap":{},"s":{},"f":{},"b":{}}
,"/Users/lamadarawsheh/store-project/src/middleware/auth.ts": {"path":"/Users/lamadarawsheh/store-project/src/middleware/auth.ts","statementMap":{"0":{"start":{"line":2,"column":0},"end":{"line":2,"column":31}},"1":{"start":{"line":12,"column":33},"end":{"line":27,"column":1}},"2":{"start":{"line":13,"column":21},"end":{"line":13,"column":49}},"3":{"start":{"line":14,"column":16},"end":{"line":14,"column":54}},"4":{"start":{"line":16,"column":2},"end":{"line":18,"column":3}},"5":{"start":{"line":17,"column":4},"end":{"line":17,"column":31}},"6":{"start":{"line":20,"column":2},"end":{"line":26,"column":5}},"7":{"start":{"line":21,"column":4},"end":{"line":23,"column":5}},"8":{"start":{"line":22,"column":6},"end":{"line":22,"column":33}},"9":{"start":{"line":24,"column":2},"end":{"line":24,"column":37}},"10":{"start":{"line":25,"column":4},"end":{"line":25,"column":11}},"11":{"start":{"line":12,"column":13},"end":{"line":12,"column":33}}},"fnMap":{"0":{"name":"(anonymous_1)","decl":{"start":{"line":12,"column":33},"end":{"line":12,"column":34}},"loc":{"start":{"line":12,"column":85},"end":{"line":27,"column":1}}},"1":{"name":"(anonymous_2)","decl":{"start":{"line":20,"column":54},"end":{"line":20,"column":55}},"loc":{"start":{"line":20,"column":81},"end":{"line":26,"column":3}}}},"branchMap":{"0":{"loc":{"start":{"line":14,"column":16},"end":{"line":14,"column":54}},"type":"binary-expr","locations":[{"start":{"line":14,"column":16},"end":{"line":14,"column":26}},{"start":{"line":14,"column":30},"end":{"line":14,"column":54}}]},"1":{"loc":{"start":{"line":16,"column":2},"end":{"line":18,"column":3}},"type":"if","locations":[{"start":{"line":16,"column":2},"end":{"line":18,"column":3}},{"start":{},"end":{}}]},"2":{"loc":{"start":{"line":21,"column":4},"end":{"line":23,"column":5}},"type":"if","locations":[{"start":{"line":21,"column":4},"end":{"line":23,"column":5}},{"start":{},"end":{}}]},"3":{"loc":{"start":{"line":24,"column":13},"end":{"line":24,"column":36}},"type":"binary-expr","locations":[{"start":{"line":24,"column":13},"end":{"line":24,"column":25}},{"start":{"line":24,"column":29},"end":{"line":24,"column":36}}]}},"s":{"0":2,"1":2,"2":6,"3":6,"4":6,"5":2,"6":4,"7":4,"8":0,"9":4,"10":4,"11":2},"f":{"0":6,"1":4},"b":{"0":[6,4],"1":[2,4],"2":[0,4],"3":[4,0]}}
,"/Users/lamadarawsheh/store-project/src/models/Order.d.ts": {"path":"/Users/lamadarawsheh/store-project/src/models/Order.d.ts","statementMap":{},"fnMap":{},"branchMap":{},"s":{},"f":{},"b":{}}
,"/Users/lamadarawsheh/store-project/src/models/Order.ts": {"path":"/Users/lamadarawsheh/store-project/src/models/Order.ts","statementMap":{"0":{"start":{"line":1,"column":0},"end":{"line":1,"column":29}},"1":{"start":{"line":12,"column":17},"end":{"line":12,"column":35}},"2":{"start":{"line":13,"column":4},"end":{"line":21,"column":5}},"3":{"start":{"line":14,"column":18},"end":{"line":14,"column":40}},"4":{"start":{"line":15,"column":21},"end":{"line":15,"column":42}},"5":{"start":{"line":16,"column":6},"end":{"line":16,"column":25}},"6":{"start":{"line":18,"column":6},"end":{"line":18,"column":57}},"7":{"start":{"line":20,"column":6},"end":{"line":20,"column":21}},"8":{"start":{"line":25,"column":17},"end":{"line":25,"column":35}},"9":{"start":{"line":26,"column":4},"end":{"line":37,"column":5}},"10":{"start":{"line":27,"column":18},"end":{"line":27,"column":54}},"11":{"start":{"line":28,"column":21},"end":{"line":28,"column":48}},"12":{"start":{"line":29,"column":6},"end":{"line":31,"column":7}},"13":{"start":{"line":30,"column":8},"end":{"line":30,"column":57}},"14":{"start":{"line":32,"column":6},"end":{"line":32,"column":28}},"15":{"start":{"line":34,"column":6},"end":{"line":34,"column":62}},"16":{"start":{"line":36,"column":6},"end":{"line":36,"column":21}},"17":{"start":{"line":41,"column":17},"end":{"line":41,"column":35}},"18":{"start":{"line":42,"column":4},"end":{"line":50,"column":5}},"19":{"start":{"line":43,"column":18},"end":{"line":43,"column":94}},"20":{"start":{"line":44,"column":21},"end":{"line":44,"column":86}},"21":{"start":{"line":45,"column":6},"end":{"line":45,"column":28}},"22":{"start":{"line":47,"column":6},"end":{"line":47,"column":56}},"23":{"start":{"line":49,"column":6},"end":{"line":49,"column":21}},"24":{"start":{"line":54,"column":17},"end":{"line":54,"column":35}},"25":{"start":{"line":55,"column":4},"end":{"line":66,"column":5}},"26":{"start":{"line":56,"column":18},"end":{"line":56,"column":93}},"27":{"start":{"line":57,"column":21},"end":{"line":57,"column":90}},"28":{"start":{"line":58,"column":6},"end":{"line":60,"column":7}},"29":{"start":{"line":59,"column":8},"end":{"line":59,"column":57}},"30":{"start":{"line":61,"column":6},"end":{"line":61,"column":28}},"31":{"start":{"line":63,"column":6},"end":{"line":63,"column":62}},"32":{"start":{"line":65,"column":6},"end":{"line":65,"column":21}},"33":{"start":{"line":70,"column":17},"end":{"line":70,"column":35}},"34":{"start":{"line":71,"column":4},"end":{"line":81,"column":5}},"35":{"start":{"line":72,"column":18},"end":{"line":72,"column":52}},"36":{"start":{"line":73,"column":21},"end":{"line":73,"column":48}},"37":{"start":{"line":74,"column":6},"end":{"line":76,"column":7}},"38":{"start":{"line":75,"column":8},"end":{"line":75,"column":57}},"39":{"start":{"line":78,"column":6},"end":{"line":78,"column":62}},"40":{"start":{"line":80,"column":6},"end":{"line":80,"column":21}},"41":{"start":{"line":85,"column":17},"end":{"line":85,"column":35}},"42":{"start":{"line":86,"column":4},"end":{"line":92,"column":5}},"43":{"start":{"line":87,"column":6},"end":{"line":87,"column":45}},"44":{"start":{"line":89,"column":6},"end":{"line":89,"column":61}},"45":{"start":{"line":91,"column":6},"end":{"line":91,"column":21}},"46":{"start":{"line":10,"column":0},"end":{"line":10,"column":13}}},"fnMap":{"0":{"name":"(anonymous_1)","decl":{"start":{"line":11,"column":2},"end":{"line":11,"column":7}},"loc":{"start":{"line":11,"column":13},"end":{"line":22,"column":3}}},"1":{"name":"(anonymous_2)","decl":{"start":{"line":24,"column":2},"end":{"line":24,"column":7}},"loc":{"start":{"line":24,"column":23},"end":{"line":38,"column":3}}},"2":{"name":"(anonymous_3)","decl":{"start":{"line":40,"column":2},"end":{"line":40,"column":7}},"loc":{"start":{"line":40,"column":27},"end":{"line":51,"column":3}}},"3":{"name":"(anonymous_4)","decl":{"start":{"line":53,"column":2},"end":{"line":53,"column":7}},"loc":{"start":{"line":53,"column":39},"end":{"line":67,"column":3}}},"4":{"name":"(anonymous_5)","decl":{"start":{"line":69,"column":2},"end":{"line":69,"column":7}},"loc":{"start":{"line":69,"column":25},"end":{"line":82,"column":3}}},"5":{"name":"(anonymous_6)","decl":{"start":{"line":84,"column":2},"end":{"line":84,"column":7}},"loc":{"start":{"line":84,"column":17},"end":{"line":93,"column":3}}}},"branchMap":{"0":{"loc":{"start":{"line":29,"column":6},"end":{"line":31,"column":7}},"type":"if","locations":[{"start":{"line":29,"column":6},"end":{"line":31,"column":7}},{"start":{},"end":{}}]},"1":{"loc":{"start":{"line":58,"column":6},"end":{"line":60,"column":7}},"type":"if","locations":[{"start":{"line":58,"column":6},"end":{"line":60,"column":7}},{"start":{},"end":{}}]},"2":{"loc":{"start":{"line":74,"column":6},"end":{"line":76,"column":7}},"type":"if","locations":[{"start":{"line":74,"column":6},"end":{"line":76,"column":7}},{"start":{},"end":{}}]}},"s":{"0":2,"1":0,"2":0,"3":0,"4":0,"5":0,"6":0,"7":0,"8":0,"9":0,"10":0,"11":0,"12":0,"13":0,"14":0,"15":0,"16":0,"17":1,"18":1,"19":1,"20":1,"21":1,"22":0,"23":1,"24":0,"25":0,"26":0,"27":0,"28":0,"29":0,"30":0,"31":0,"32":0,"33":0,"34":0,"35":0,"36":0,"37":0,"38":0,"39":0,"40":0,"41":1,"42":1,"43":1,"44":0,"45":1,"46":2},"f":{"0":0,"1":0,"2":1,"3":0,"4":0,"5":1},"b":{"0":[0,0],"1":[0,0],"2":[0,0]}}
,"/Users/lamadarawsheh/store-project/src/models/OrderProducts.d.ts": {"path":"/Users/lamadarawsheh/store-project/src/models/OrderProducts.d.ts","statementMap":{},"fnMap":{},"branchMap":{},"s":{},"f":{},"b":{}}
,"/Users/lamadarawsheh/store-project/src/models/OrderProducts.ts": {"path":"/Users/lamadarawsheh/store-project/src/models/OrderProducts.ts","statementMap":{"0":{"start":{"line":2,"column":0},"end":{"line":2,"column":33}},"1":{"start":{"line":15,"column":47},"end":{"line":15,"column":59}},"2":{"start":{"line":17,"column":4},"end":{"line":87,"column":5}},"3":{"start":{"line":19,"column":25},"end":{"line":21,"column":null}},"4":{"start":{"line":24,"column":6},"end":{"line":26,"column":7}},"5":{"start":{"line":25,"column":8},"end":{"line":25,"column":55}},"6":{"start":{"line":28,"column":6},"end":{"line":30,"column":7}},"7":{"start":{"line":29,"column":8},"end":{"line":29,"column":59}},"8":{"start":{"line":33,"column":27},"end":{"line":35,"column":null}},"9":{"start":{"line":38,"column":6},"end":{"line":40,"column":7}},"10":{"start":{"line":39,"column":8},"end":{"line":39,"column":59}},"11":{"start":{"line":43,"column":27},"end":{"line":43,"column":65}},"12":{"start":{"line":44,"column":26},"end":{"line":44,"column":49}},"13":{"start":{"line":47,"column":23},"end":{"line":51,"column":8}},"14":{"start":{"line":52,"column":26},"end":{"line":52,"column":78}},"15":{"start":{"line":54,"column":6},"end":{"line":78,"column":7}},"16":{"start":{"line":56,"column":26},"end":{"line":62,"column":10}},"17":{"start":{"line":63,"column":29},"end":{"line":64,"column":null}},"18":{"start":{"line":66,"column":8},"end":{"line":66,"column":36}},"19":{"start":{"line":69,"column":26},"end":{"line":73,"column":10}},"20":{"start":{"line":74,"column":29},"end":{"line":75,"column":null}},"21":{"start":{"line":77,"column":8},"end":{"line":77,"column":36}},"22":{"start":{"line":80,"column":6},"end":{"line":85,"column":9}},"23":{"start":{"line":86,"column":6},"end":{"line":86,"column":16}},"24":{"start":{"line":91,"column":4},"end":{"line":110,"column":5}},"25":{"start":{"line":92,"column":18},"end":{"line":104,"column":8}},"26":{"start":{"line":105,"column":21},"end":{"line":105,"column":55}},"27":{"start":{"line":106,"column":6},"end":{"line":106,"column":25}},"28":{"start":{"line":108,"column":6},"end":{"line":108,"column":73}},"29":{"start":{"line":109,"column":6},"end":{"line":109,"column":69}},"30":{"start":{"line":114,"column":4},"end":{"line":128,"column":5}},"31":{"start":{"line":115,"column":18},"end":{"line":122,"column":8}},"32":{"start":{"line":123,"column":21},"end":{"line":123,"column":66}},"33":{"start":{"line":124,"column":6},"end":{"line":124,"column":36}},"34":{"start":{"line":126,"column":6},"end":{"line":126,"column":86}},"35":{"start":{"line":127,"column":6},"end":{"line":127,"column":82}},"36":{"start":{"line":136,"column":4},"end":{"line":173,"column":5}},"37":{"start":{"line":137,"column":6},"end":{"line":139,"column":7}},"38":{"start":{"line":138,"column":8},"end":{"line":138,"column":59}},"39":{"start":{"line":142,"column":28},"end":{"line":144,"column":null}},"40":{"start":{"line":147,"column":6},"end":{"line":149,"column":7}},"41":{"start":{"line":148,"column":8},"end":{"line":148,"column":58}},"42":{"start":{"line":151,"column":27},"end":{"line":151,"column":66}},"43":{"start":{"line":152,"column":26},"end":{"line":152,"column":49}},"44":{"start":{"line":154,"column":18},"end":{"line":160,"column":8}},"45":{"start":{"line":161,"column":21},"end":{"line":162,"column":null}},"46":{"start":{"line":165,"column":6},"end":{"line":167,"column":7}},"47":{"start":{"line":166,"column":8},"end":{"line":166,"column":78}},"48":{"start":{"line":169,"column":6},"end":{"line":169,"column":28}},"49":{"start":{"line":171,"column":6},"end":{"line":171,"column":98}},"50":{"start":{"line":172,"column":6},"end":{"line":172,"column":16}},"51":{"start":{"line":177,"column":4},"end":{"line":193,"column":5}},"52":{"start":{"line":178,"column":21},"end":{"line":182,"column":null}},"53":{"start":{"line":185,"column":6},"end":{"line":187,"column":7}},"54":{"start":{"line":186,"column":8},"end":{"line":186,"column":78}},"55":{"start":{"line":189,"column":6},"end":{"line":189,"column":28}},"56":{"start":{"line":191,"column":6},"end":{"line":191,"column":87}},"57":{"start":{"line":192,"column":6},"end":{"line":192,"column":16}},"58":{"start":{"line":13,"column":0},"end":{"line":13,"column":13}}},"fnMap":{"0":{"name":"(anonymous_1)","decl":{"start":{"line":14,"column":2},"end":{"line":14,"column":8}},"loc":{"start":{"line":14,"column":53},"end":{"line":88,"column":3}}},"1":{"name":"(anonymous_2)","decl":{"start":{"line":90,"column":2},"end":{"line":90,"column":8}},"loc":{"start":{"line":90,"column":47},"end":{"line":111,"column":3}}},"2":{"name":"(anonymous_3)","decl":{"start":{"line":113,"column":2},"end":{"line":113,"column":8}},"loc":{"start":{"line":113,"column":70},"end":{"line":129,"column":3}}},"3":{"name":"(anonymous_4)","decl":{"start":{"line":131,"column":2},"end":{"line":131,"column":8}},"loc":{"start":{"line":134,"column":20},"end":{"line":174,"column":3}}},"4":{"name":"(anonymous_5)","decl":{"start":{"line":176,"column":2},"end":{"line":176,"column":8}},"loc":{"start":{"line":176,"column":63},"end":{"line":194,"column":3}}}},"branchMap":{"0":{"loc":{"start":{"line":24,"column":6},"end":{"line":26,"column":7}},"type":"if","locations":[{"start":{"line":24,"column":6},"end":{"line":26,"column":7}},{"start":{},"end":{}}]},"1":{"loc":{"start":{"line":28,"column":6},"end":{"line":30,"column":7}},"type":"if","locations":[{"start":{"line":28,"column":6},"end":{"line":30,"column":7}},{"start":{},"end":{}}]},"2":{"loc":{"start":{"line":38,"column":6},"end":{"line":40,"column":7}},"type":"if","locations":[{"start":{"line":38,"column":6},"end":{"line":40,"column":7}},{"start":{},"end":{}}]},"3":{"loc":{"start":{"line":54,"column":6},"end":{"line":78,"column":7}},"type":"if","locations":[{"start":{"line":54,"column":6},"end":{"line":78,"column":7}},{"start":{"line":67,"column":13},"end":{"line":78,"column":7}}]},"4":{"loc":{"start":{"line":124,"column":13},"end":{"line":124,"column":35}},"type":"binary-expr","locations":[{"start":{"line":124,"column":13},"end":{"line":124,"column":27}},{"start":{"line":124,"column":31},"end":{"line":124,"column":35}}]},"5":{"loc":{"start":{"line":137,"column":6},"end":{"line":139,"column":7}},"type":"if","locations":[{"start":{"line":137,"column":6},"end":{"line":139,"column":7}},{"start":{},"end":{}}]},"6":{"loc":{"start":{"line":147,"column":6},"end":{"line":149,"column":7}},"type":"if","locations":[{"start":{"line":147,"column":6},"end":{"line":149,"column":7}},{"start":{},"end":{}}]},"7":{"loc":{"start":{"line":165,"column":6},"end":{"line":167,"column":7}},"type":"if","locations":[{"start":{"line":165,"column":6},"end":{"line":167,"column":7}},{"start":{},"end":{}}]},"8":{"loc":{"start":{"line":185,"column":6},"end":{"line":187,"column":7}},"type":"if","locations":[{"start":{"line":185,"column":6},"end":{"line":187,"column":7}},{"start":{},"end":{}}]}},"s":{"0":2,"1":0,"2":0,"3":0,"4":0,"5":0,"6":0,"7":0,"8":0,"9":0,"10":0,"11":0,"12":0,"13":0,"14":0,"15":0,"16":0,"17":0,"18":0,"19":0,"20":0,"21":0,"22":0,"23":0,"24":0,"25":0,"26":0,"27":0,"28":0,"29":0,"30":0,"31":0,"32":0,"33":0,"34":0,"35":0,"36":0,"37":0,"38":0,"39":0,"40":0,"41":0,"42":0,"43":0,"44":0,"45":0,"46":0,"47":0,"48":0,"49":0,"50":0,"51":0,"52":0,"53":0,"54":0,"55":0,"56":0,"57":0,"58":2},"f":{"0":0,"1":0,"2":0,"3":0,"4":0},"b":{"0":[0,0],"1":[0,0],"2":[0,0],"3":[0,0],"4":[0,0],"5":[0,0],"6":[0,0],"7":[0,0],"8":[0,0]}}
,"/Users/lamadarawsheh/store-project/src/models/Product.d.ts": {"path":"/Users/lamadarawsheh/store-project/src/models/Product.d.ts","statementMap":{},"fnMap":{},"branchMap":{},"s":{},"f":{},"b":{}}
,"/Users/lamadarawsheh/store-project/src/models/Product.ts": {"path":"/Users/lamadarawsheh/store-project/src/models/Product.ts","statementMap":{"0":{"start":{"line":1,"column":0},"end":{"line":1,"column":33}},"1":{"start":{"line":14,"column":26},"end":{"line":14,"column":33}},"2":{"start":{"line":16,"column":2},"end":{"line":26,"column":3}},"3":{"start":{"line":17,"column":16},"end":{"line":21,"column":6}},"4":{"start":{"line":22,"column":19},"end":{"line":22,"column":57}},"5":{"start":{"line":23,"column":4},"end":{"line":23,"column":26}},"6":{"start":{"line":25,"column":4},"end":{"line":25,"column":71}},"7":{"start":{"line":30,"column":2},"end":{"line":36,"column":3}},"8":{"start":{"line":31,"column":16},"end":{"line":31,"column":80}},"9":{"start":{"line":32,"column":19},"end":{"line":32,"column":48}},"10":{"start":{"line":33,"column":4},"end":{"line":33,"column":34}},"11":{"start":{"line":35,"column":4},"end":{"line":35,"column":67}},"12":{"start":{"line":40,"column":2},"end":{"line":46,"column":3}},"13":{"start":{"line":41,"column":16},"end":{"line":41,"column":66}},"14":{"start":{"line":42,"column":19},"end":{"line":42,"column":42}},"15":{"start":{"line":43,"column":4},"end":{"line":43,"column":23}},"16":{"start":{"line":45,"column":4},"end":{"line":45,"column":61}},"17":{"start":{"line":51,"column":26},"end":{"line":51,"column":33}},"18":{"start":{"line":53,"column":2},"end":{"line":70,"column":3}},"19":{"start":{"line":54,"column":16},"end":{"line":60,"column":6}},"20":{"start":{"line":61,"column":19},"end":{"line":61,"column":61}},"21":{"start":{"line":63,"column":4},"end":{"line":65,"column":5}},"22":{"start":{"line":64,"column":6},"end":{"line":64,"column":57}},"23":{"start":{"line":67,"column":4},"end":{"line":67,"column":26}},"24":{"start":{"line":69,"column":4},"end":{"line":69,"column":69}},"25":{"start":{"line":74,"column":4},"end":{"line":79,"column":5}},"26":{"start":{"line":75,"column":18},"end":{"line":75,"column":54}},"27":{"start":{"line":76,"column":6},"end":{"line":76,"column":36}},"28":{"start":{"line":78,"column":6},"end":{"line":78,"column":71}},"29":{"start":{"line":11,"column":0},"end":{"line":11,"column":13}}},"fnMap":{"0":{"name":"(anonymous_1)","decl":{"start":{"line":13,"column":0},"end":{"line":13,"column":6}},"loc":{"start":{"line":13,"column":37},"end":{"line":27,"column":1}}},"1":{"name":"(anonymous_2)","decl":{"start":{"line":29,"column":2},"end":{"line":29,"column":8}},"loc":{"start":{"line":29,"column":34},"end":{"line":37,"column":1}}},"2":{"name":"(anonymous_3)","decl":{"start":{"line":39,"column":0},"end":{"line":39,"column":6}},"loc":{"start":{"line":39,"column":20},"end":{"line":47,"column":1}}},"3":{"name":"(anonymous_4)","decl":{"start":{"line":50,"column":0},"end":{"line":50,"column":6}},"loc":{"start":{"line":50,"column":58},"end":{"line":71,"column":1}}},"4":{"name":"(anonymous_5)","decl":{"start":{"line":73,"column":2},"end":{"line":73,"column":8}},"loc":{"start":{"line":73,"column":32},"end":{"line":80,"column":3}}}},"branchMap":{"0":{"loc":{"start":{"line":33,"column":11},"end":{"line":33,"column":33}},"type":"binary-expr","locations":[{"start":{"line":33,"column":11},"end":{"line":33,"column":25}},{"start":{"line":33,"column":29},"end":{"line":33,"column":33}}]},"1":{"loc":{"start":{"line":63,"column":4},"end":{"line":65,"column":5}},"type":"if","locations":[{"start":{"line":63,"column":4},"end":{"line":65,"column":5}},{"start":{},"end":{}}]}},"s":{"0":2,"1":0,"2":0,"3":0,"4":0,"5":0,"6":0,"7":0,"8":0,"9":0,"10":0,"11":0,"12":0,"13":0,"14":0,"15":0,"16":0,"17":0,"18":0,"19":0,"20":0,"21":0,"22":0,"23":0,"24":0,"25":0,"26":0,"27":0,"28":0,"29":2},"f":{"0":0,"1":0,"2":0,"3":0,"4":0},"b":{"0":[0,0],"1":[0,0]}}
,"/Users/lamadarawsheh/store-project/src/models/User.d.ts": {"path":"/Users/lamadarawsheh/store-project/src/models/User.d.ts","statementMap":{},"fnMap":{},"branchMap":{},"s":{},"f":{},"b":{}}
,"/Users/lamadarawsheh/store-project/src/models/User.ts": {"path":"/Users/lamadarawsheh/store-project/src/models/User.ts","statementMap":{"0":{"start":{"line":1,"column":0},"end":{"line":1,"column":29}},"1":{"start":{"line":2,"column":0},"end":{"line":2,"column":28}},"2":{"start":{"line":3,"column":0},"end":{"line":3,"column":28}},"3":{"start":{"line":5,"column":0},"end":{"line":5,"column":16}},"4":{"start":{"line":6,"column":15},"end":{"line":6,"column":42}},"5":{"start":{"line":7,"column":19},"end":{"line":7,"column":52}},"6":{"start":{"line":19,"column":17},"end":{"line":19,"column":35}},"7":{"start":{"line":20,"column":16},"end":{"line":20,"column":66}},"8":{"start":{"line":21,"column":19},"end":{"line":21,"column":40}},"9":{"start":{"line":22,"column":4},"end":{"line":22,"column":19}},"10":{"start":{"line":23,"column":4},"end":{"line":23,"column":23}},"11":{"start":{"line":27,"column":17},"end":{"line":27,"column":35}},"12":{"start":{"line":28,"column":16},"end":{"line":28,"column":80}},"13":{"start":{"line":29,"column":19},"end":{"line":29,"column":46}},"14":{"start":{"line":30,"column":4},"end":{"line":30,"column":19}},"15":{"start":{"line":31,"column":4},"end":{"line":31,"column":26}},"16":{"start":{"line":35,"column":17},"end":{"line":35,"column":35}},"17":{"start":{"line":36,"column":16},"end":{"line":36,"column":138}},"18":{"start":{"line":37,"column":17},"end":{"line":39,"column":null}},"19":{"start":{"line":41,"column":19},"end":{"line":46,"column":6}},"20":{"start":{"line":47,"column":4},"end":{"line":47,"column":19}},"21":{"start":{"line":48,"column":4},"end":{"line":48,"column":26}},"22":{"start":{"line":52,"column":17},"end":{"line":52,"column":35}},"23":{"start":{"line":53,"column":16},"end":{"line":53,"column":54}},"24":{"start":{"line":54,"column":19},"end":{"line":54,"column":49}},"25":{"start":{"line":55,"column":4},"end":{"line":55,"column":19}},"26":{"start":{"line":57,"column":4},"end":{"line":68,"column":5}},"27":{"start":{"line":58,"column":19},"end":{"line":58,"column":33}},"28":{"start":{"line":59,"column":6},"end":{"line":67,"column":7}},"29":{"start":{"line":60,"column":8},"end":{"line":66,"column":10}},"30":{"start":{"line":69,"column":4},"end":{"line":69,"column":43}},"31":{"start":{"line":73,"column":17},"end":{"line":73,"column":35}},"32":{"start":{"line":74,"column":16},"end":{"line":74,"column":49}},"33":{"start":{"line":75,"column":4},"end":{"line":75,"column":32}},"34":{"start":{"line":76,"column":4},"end":{"line":76,"column":19}},"35":{"start":{"line":80,"column":17},"end":{"line":80,"column":35}},"36":{"start":{"line":81,"column":4},"end":{"line":81,"column":42}},"37":{"start":{"line":82,"column":4},"end":{"line":82,"column":19}},"38":{"start":{"line":17,"column":0},"end":{"line":17,"column":13}}},"fnMap":{"0":{"name":"(anonymous_1)","decl":{"start":{"line":18,"column":2},"end":{"line":18,"column":7}},"loc":{"start":{"line":18,"column":13},"end":{"line":24,"column":3}}},"1":{"name":"(anonymous_2)","decl":{"start":{"line":26,"column":2},"end":{"line":26,"column":7}},"loc":{"start":{"line":26,"column":23},"end":{"line":32,"column":3}}},"2":{"name":"(anonymous_3)","decl":{"start":{"line":34,"column":2},"end":{"line":34,"column":7}},"loc":{"start":{"line":34,"column":25},"end":{"line":49,"column":3}}},"3":{"name":"(anonymous_4)","decl":{"start":{"line":51,"column":2},"end":{"line":51,"column":7}},"loc":{"start":{"line":51,"column":52},"end":{"line":70,"column":3}}},"4":{"name":"(anonymous_5)","decl":{"start":{"line":72,"column":2},"end":{"line":72,"column":7}},"loc":{"start":{"line":72,"column":25},"end":{"line":77,"column":3}}},"5":{"name":"(anonymous_6)","decl":{"start":{"line":79,"column":2},"end":{"line":79,"column":7}},"loc":{"start":{"line":79,"column":17},"end":{"line":83,"column":3}}}},"branchMap":{"0":{"loc":{"start":{"line":57,"column":4},"end":{"line":68,"column":5}},"type":"if","locations":[{"start":{"line":57,"column":4},"end":{"line":68,"column":5}},{"start":{},"end":{}}]},"1":{"loc":{"start":{"line":59,"column":6},"end":{"line":67,"column":7}},"type":"if","locations":[{"start":{"line":59,"column":6},"end":{"line":67,"column":7}},{"start":{},"end":{}}]}},"s":{"0":2,"1":2,"2":2,"3":2,"4":2,"5":2,"6":1,"7":1,"8":1,"9":1,"10":1,"11":2,"12":2,"13":2,"14":2,"15":2,"16":8,"17":8,"18":8,"19":8,"20":7,"21":7,"22":4,"23":4,"24":4,"25":4,"26":4,"27":4,"28":4,"29":3,"30":1,"31":0,"32":0,"33":0,"34":0,"35":3,"36":3,"37":3,"38":2},"f":{"0":1,"1":2,"2":8,"3":4,"4":0,"5":3},"b":{"0":[4,0],"1":[3,1]}}
}
