TN:
SF:src/database.d.ts
FNF:0
FNH:0
LF:0
LH:0
BRF:0
BRH:0
end_of_record
TN:
SF:src/database.ts
FN:29,(anonymous_1)
FN:35,(anonymous_2)
FN:43,(anonymous_3)
FNF:3
FNH:2
FNDA:3,(anonymous_1)
FNDA:0,(anonymous_2)
FNDA:40,(anonymous_3)
DA:1,3
DA:2,3
DA:4,3
DA:9,3
DA:10,3
DA:19,0
DA:29,3
DA:30,3
DA:31,0
DA:35,3
DA:36,0
DA:40,3
DA:43,3
DA:47,40
DA:51,40
DA:52,0
DA:55,40
DA:56,40
DA:62,40
DA:64,0
DA:65,0
DA:69,3
LF:22
LH:16
BRDA:9,0,0,3
BRDA:9,0,1,0
BRDA:15,1,0,3
BRDA:15,1,1,0
BRDA:24,2,0,0
BRDA:24,2,1,0
BRDA:30,3,0,0
BRDA:30,3,1,3
BRDA:31,4,0,0
BRDA:31,4,1,0
BRDA:47,5,0,40
BRDA:47,5,1,0
BRDA:49,6,0,0
BRDA:49,6,1,0
BRDA:51,7,0,0
BRDA:51,7,1,40
BRDA:52,8,0,0
BRDA:52,8,1,0
BRF:18
BRH:5
end_of_record
TN:
SF:src/middleware/auth.d.ts
FNF:0
FNH:0
LF:0
LH:0
BRF:0
BRH:0
end_of_record
TN:
SF:src/middleware/auth.ts
FN:12,(anonymous_1)
FN:20,(anonymous_2)
FNF:2
FNH:2
FNDA:6,(anonymous_1)
FNDA:4,(anonymous_2)
DA:2,2
DA:12,2
DA:13,6
DA:14,6
DA:16,6
DA:17,2
DA:20,4
DA:21,4
DA:22,0
DA:24,4
DA:25,4
LF:11
LH:10
BRDA:14,0,0,6
BRDA:14,0,1,4
BRDA:16,1,0,2
BRDA:16,1,1,4
BRDA:21,2,0,0
BRDA:21,2,1,4
BRDA:24,3,0,4
BRDA:24,3,1,0
BRF:8
BRH:6
end_of_record
TN:
SF:src/models/Order.d.ts
FNF:0
FNH:0
LF:0
LH:0
BRF:0
BRH:0
end_of_record
TN:
SF:src/models/Order.ts
FN:11,(anonymous_1)
FN:24,(anonymous_2)
FN:40,(anonymous_3)
FN:53,(anonymous_4)
FN:69,(anonymous_5)
FN:84,(anonymous_6)
FNF:6
FNH:6
FNDA:1,(anonymous_1)
FNDA:3,(anonymous_2)
FNDA:5,(anonymous_3)
FNDA:2,(anonymous_4)
FNDA:2,(anonymous_5)
FNDA:1,(anonymous_6)
DA:1,3
DA:10,3
DA:12,1
DA:13,1
DA:14,1
DA:15,1
DA:16,1
DA:18,0
DA:20,1
DA:25,3
DA:26,3
DA:27,3
DA:28,3
DA:29,3
DA:30,2
DA:32,1
DA:34,2
DA:36,3
DA:41,5
DA:42,5
DA:43,5
DA:44,5
DA:45,5
DA:47,0
DA:49,5
DA:54,2
DA:55,2
DA:56,2
DA:57,2
DA:58,2
DA:59,1
DA:61,1
DA:63,1
DA:65,2
DA:70,2
DA:71,2
DA:72,2
DA:73,2
DA:74,2
DA:75,1
DA:78,1
DA:80,2
DA:85,1
DA:86,1
DA:87,1
DA:89,0
DA:91,1
LF:47
LH:44
BRDA:29,0,0,2
BRDA:29,0,1,1
BRDA:58,1,0,1
BRDA:58,1,1,1
BRDA:74,2,0,1
BRDA:74,2,1,1
BRF:6
BRH:6
end_of_record
TN:
SF:src/models/OrderProducts.d.ts
FNF:0
FNH:0
LF:0
LH:0
BRF:0
BRH:0
end_of_record
TN:
SF:src/models/OrderProducts.ts
FN:14,(anonymous_1)
FN:90,(anonymous_2)
FN:113,(anonymous_3)
FN:131,(anonymous_4)
FN:176,(anonymous_5)
FNF:5
FNH:5
FNDA:4,(anonymous_1)
FNDA:2,(anonymous_2)
FNDA:3,(anonymous_3)
FNDA:3,(anonymous_4)
FNDA:2,(anonymous_5)
DA:2,3
DA:13,3
DA:15,4
DA:17,4
DA:19,4
DA:24,4
DA:25,1
DA:28,3
DA:29,0
DA:33,3
DA:38,3
DA:39,1
DA:43,2
DA:44,2
DA:47,2
DA:52,2
DA:54,2
DA:56,1
DA:63,1
DA:66,1
DA:69,1
DA:74,1
DA:77,1
DA:80,2
DA:86,2
DA:91,2
DA:92,2
DA:105,2
DA:106,2
DA:108,0
DA:109,0
DA:114,3
DA:115,3
DA:123,3
DA:124,3
DA:126,0
DA:127,0
DA:136,3
DA:137,3
DA:138,1
DA:142,2
DA:147,2
DA:148,1
DA:151,1
DA:152,1
DA:154,1
DA:161,1
DA:165,1
DA:166,0
DA:169,1
DA:171,2
DA:172,2
DA:177,2
DA:178,2
DA:185,2
DA:186,1
DA:189,1
DA:191,1
DA:192,1
LF:59
LH:53
BRDA:24,0,0,1
BRDA:24,0,1,3
BRDA:28,1,0,0
BRDA:28,1,1,3
BRDA:38,2,0,1
BRDA:38,2,1,2
BRDA:54,3,0,1
BRDA:54,3,1,1
BRDA:124,4,0,3
BRDA:124,4,1,2
BRDA:137,5,0,1
BRDA:137,5,1,2
BRDA:147,6,0,1
BRDA:147,6,1,1
BRDA:165,7,0,0
BRDA:165,7,1,1
BRDA:185,8,0,1
BRDA:185,8,1,1
BRF:18
BRH:16
end_of_record
TN:
SF:src/models/Product.d.ts
FNF:0
FNH:0
LF:0
LH:0
BRF:0
BRH:0
end_of_record
TN:
SF:src/models/Product.ts
FN:13,(anonymous_1)
FN:29,(anonymous_2)
FN:39,(anonymous_3)
FN:50,(anonymous_4)
FN:73,(anonymous_5)
FNF:5
FNH:5
FNDA:2,(anonymous_1)
FNDA:3,(anonymous_2)
FNDA:1,(anonymous_3)
FNDA:3,(anonymous_4)
FNDA:1,(anonymous_5)
DA:1,3
DA:11,3
DA:14,2
DA:16,2
DA:17,2
DA:22,2
DA:23,2
DA:25,0
DA:30,3
DA:31,3
DA:32,3
DA:33,3
DA:35,0
DA:40,1
DA:41,1
DA:42,1
DA:43,1
DA:45,0
DA:51,3
DA:53,3
DA:54,3
DA:61,3
DA:63,3
DA:64,1
DA:67,2
DA:69,1
DA:74,1
DA:75,1
DA:76,1
DA:78,0
LF:30
LH:26
BRDA:33,0,0,3
BRDA:33,0,1,2
BRDA:63,1,0,1
BRDA:63,1,1,2
BRF:4
BRH:4
end_of_record
TN:
SF:src/models/User.d.ts
FNF:0
FNH:0
LF:0
LH:0
BRF:0
BRH:0
end_of_record
TN:
SF:src/models/User.ts
FN:18,(anonymous_1)
FN:29,(anonymous_2)
FN:40,(anonymous_3)
FN:65,(anonymous_4)
FN:89,(anonymous_5)
FN:99,(anonymous_6)
FNF:6
FNH:6
FNDA:2,(anonymous_1)
FNDA:5,(anonymous_2)
FNDA:11,(anonymous_3)
FNDA:7,(anonymous_4)
FNDA:1,(anonymous_5)
FNDA:3,(anonymous_6)
DA:1,3
DA:2,3
DA:3,3
DA:5,3
DA:6,3
DA:7,3
DA:17,3
DA:19,2
DA:20,2
DA:21,2
DA:22,2
DA:23,2
DA:25,2
DA:30,5
DA:31,5
DA:32,5
DA:33,5
DA:34,5
DA:36,5
DA:41,11
DA:42,11
DA:43,11
DA:44,11
DA:48,11
DA:54,9
DA:56,2
DA:57,2
DA:59,0
DA:61,11
DA:66,7
DA:67,7
DA:68,7
DA:69,7
DA:71,7
DA:72,6
DA:73,6
DA:74,4
DA:83,3
DA:85,7
DA:90,1
DA:91,1
DA:92,1
DA:93,1
DA:95,1
DA:100,3
DA:101,3
DA:102,3
DA:104,3
LF:48
LH:47
BRDA:56,0,0,2
BRDA:56,0,1,0
BRDA:71,1,0,6
BRDA:71,1,1,1
BRDA:73,2,0,4
BRDA:73,2,1,2
BRF:6
BRH:5
end_of_record
